<?xml version="1.0" encoding="UTF-8"?>
<!-- Generated by org.testng.reporters.JUnitReportReporter -->
<testsuite hostname="TCCTL-013" failures="0" tests="1" name="org.adminPortalPage.adminPage" time="0.741" errors="0" timestamp="2023-04-25T12:33:30 IST" skipped="0">
  <testcase classname="org.adminPortalPage.adminPage" name="clickloginpage" time="0.741"/>
  <system-out/>
</testsuite> <!-- org.adminPortalPage.adminPage -->
