<?xml version="1.0" encoding="UTF-8"?>
<!-- Generated by org.testng.reporters.JUnitReportReporter -->
<testsuite hostname="TCCTL-013" failures="0" tests="4" name="org.MegamartTest.CategoriesPageTest" time="100.648" errors="0" timestamp="2023-05-20T19:29:48 IST" skipped="0">
  <testcase classname="org.MegamartTest.CategoriesPageTest" name="login" time="7.972"/>
  <system-out/>
  <testcase classname="org.MegamartTest.CategoriesPageTest" name="categoriesSearch" time="33.319"/>
  <system-out/>
  <testcase classname="org.MegamartTest.CategoriesPageTest" name="verifyAddNewCatInfo" time="45.983"/>
  <system-out/>
  <testcase classname="org.MegamartTest.CategoriesPageTest" name="verifySEOPage" time="13.374"/>
  <system-out/>
</testsuite> <!-- org.MegamartTest.CategoriesPageTest -->
