<?xml version="1.0" encoding="UTF-8"?>
<!-- Generated by org.testng.reporters.JUnitReportReporter -->
<testsuite hostname="SMI-725" failures="0" tests="2" name="org.MegamartTest.LoginTest" time="12.192" errors="0" timestamp="2023-01-23T10:37:07 IST" skipped="0">
  <testcase classname="org.MegamartTest.LoginTest" name="loginTest" time="4.882"/>
  <system-out/>
  <testcase classname="org.MegamartTest.LoginTest" name="prodcutNameSearch" time="7.310"/>
  <system-out/>
</testsuite> <!-- org.MegamartTest.LoginTest -->
