<?xml version="1.0" encoding="UTF-8"?>
<!-- Generated by org.testng.reporters.JUnitReportReporter -->
<testsuite hostname="TCCTL-013" failures="0" tests="1" name="org.SuperAdminCustomerTest.CustomerTest" time="8.113" errors="0" timestamp="2023-05-24T17:28:37 IST" skipped="0">
  <testcase classname="org.SuperAdminCustomerTest.CustomerTest" name="login" time="8.113"/>
  <system-out/>
</testsuite> <!-- org.SuperAdminCustomerTest.CustomerTest -->
