<?xml version="1.0" encoding="UTF-8"?>
<!-- Generated by org.testng.reporters.JUnitReportReporter -->
<testsuite hostname="TCCTL-013" failures="0" tests="3" name="org.MegamartTest.ProductAttributesTest" time="41.125" errors="0" timestamp="2023-05-22T13:12:00 IST" skipped="0">
  <testcase classname="org.MegamartTest.ProductAttributesTest" name="login" time="6.492"/>
  <system-out/>
  <testcase classname="org.MegamartTest.ProductAttributesTest" name="ProductAttributeSearch" time="14.415"/>
  <system-out/>
  <testcase classname="org.MegamartTest.ProductAttributesTest" name="EditProdAttPreValues" time="20.218"/>
  <system-out/>
</testsuite> <!-- org.MegamartTest.ProductAttributesTest -->
