<?xml version="1.0" encoding="UTF-8"?>
<!-- Generated by org.testng.reporters.JUnitReportReporter -->
<testsuite hostname="TCCTL-013" failures="0" tests="14" name="org.MegamartTest.AdminPortalTest2" time="387.646" errors="0" timestamp="2023-05-17T18:13:38 IST" skipped="0">
  <testcase classname="org.MegamartTest.AdminPortalTest2" name="login" time="6.318"/>
  <system-out/>
  <testcase classname="org.MegamartTest.AdminPortalTest2" name="prodcutNameSearch" time="32.399"/>
  <system-out/>
  <testcase classname="org.MegamartTest.AdminPortalTest2" name="verifyProductColumn" time="5.638"/>
  <system-out/>
  <testcase classname="org.MegamartTest.AdminPortalTest2" name="verifyEditProdDetailsProdInfo" time="79.833"/>
  <system-out/>
  <testcase classname="org.MegamartTest.AdminPortalTest2" name="verifyEditProdDetailsPrice" time="36.048"/>
  <system-out/>
  <testcase classname="org.MegamartTest.AdminPortalTest2" name="verifyEditProdDetailsShipping" time="7.681"/>
  <system-out/>
  <testcase classname="org.MegamartTest.AdminPortalTest2" name="verifyEditProdDetailInventory" time="2.751"/>
  <system-out/>
  <testcase classname="org.MegamartTest.AdminPortalTest2" name="verifyEditProdProductAttriubtes" time="30.152"/>
  <system-out/>
  <testcase classname="org.MegamartTest.AdminPortalTest2" name="verifyEPDSpecifationAtt" time="125.565"/>
  <system-out/>
  <testcase classname="org.MegamartTest.AdminPortalTest2" name="verifyEPDProdPage" time="0.627"/>
  <system-out/>
  <testcase classname="org.MegamartTest.AdminPortalTest2" name="verifySEOPage" time="3.798"/>
  <system-out/>
  <testcase classname="org.MegamartTest.AdminPortalTest2" name="verifyRelatedProd" time="17.015"/>
  <system-out/>
  <testcase classname="org.MegamartTest.AdminPortalTest2" name="verifyCrossSells" time="32.199"/>
  <system-out/>
  <testcase classname="org.MegamartTest.AdminPortalTest2" name="verifyPurchasedWithOrders" time="7.622"/>
  <system-out/>
</testsuite> <!-- org.MegamartTest.AdminPortalTest2 -->
